2024-09-30 15:19:31,944 [INFO] Activator:176 - 


2024-09-30 15:19:31,951 [INFO] Activator:177 - !SESSION log4j initialized
2024-09-30 15:19:36,687 [INFO] LogOutputStream:77 - [STDOUT_REDIRECT] 
2024-09-30 15:19:40,006 [INFO] LogOutputStream:77 - [STDOUT_REDIRECT] 
2024-09-30 15:19:41,448 [ERROR] LogOutputStream:75 - [STDERR_REDIRECT] 
2024-09-30 15:19:42,056 [INFO] ApplicationProperties:184 - Using Application install path: /Applications/STM32CubeIDE.app/Contents/Eclipse/plugins/com.st.stm32cube.common.mx_6.12.1.202409122256
2024-09-30 15:19:42,072 [INFO] DbMcusXml:78 - Set database path to: /Applications/STM32CubeIDE.app/Contents/Eclipse/plugins/com.st.stm32cube.common.mx_6.12.1.202409122256//db//mcu/
2024-09-30 15:19:42,072 [INFO] ApiDb:274 - Set plugin database path to: /Applications/STM32CubeIDE.app/Contents/Eclipse/plugins/com.st.stm32cube.common.mx_6.12.1.202409122256//db//plugins/boardmanager/
2024-09-30 15:19:42,073 [WARN] ApiDb:259 - Overriding images path with different value:  => /Applications/STM32CubeIDE.app/Contents/Eclipse/plugins/com.st.stm32cube.common.mx_6.12.1.202409122256//db//plugins/mcufinder/images/
2024-09-30 15:19:42,079 [INFO] ApiDb:250 - Set database path to: /Users/pablo/.stmcufinder/plugins/mcufinder//mcu/
2024-09-30 15:19:42,080 [INFO] DbMcusAds:125 - Set database path to: /Users/pablo/.stmcufinder/plugins/mcufinder//mcu/
2024-09-30 15:19:42,081 [INFO] CrossReferenceDbSqlite:203 - Set database path to: /Users/pablo/.stmcufinder/plugins/mcufinder//mcu/cs/
2024-09-30 15:19:42,228 [INFO] RulesReader:64 - Compatibility file has been processed (297 Rules)
2024-09-30 15:19:42,303 [INFO] DbMcusXml:78 - Set database path to: /Applications/STM32CubeIDE.app/Contents/Eclipse/plugins/com.st.stm32cube.common.mx_6.12.1.202409122256//db//mcu/
2024-09-30 15:19:42,304 [INFO] ApiDb:274 - Set plugin database path to: /Applications/STM32CubeIDE.app/Contents/Eclipse/plugins/com.st.stm32cube.common.mx_6.12.1.202409122256//db//plugins/boardmanager/
2024-09-30 15:19:42,304 [INFO] ApiDb:261 - Set plugin images path to: /Applications/STM32CubeIDE.app/Contents/Eclipse/plugins/com.st.stm32cube.common.mx_6.12.1.202409122256//db//plugins/mcufinder/images/
2024-09-30 15:19:42,305 [WARN] DbFile:41 - Overriding database path with different value: /Users/pablo/.stmcufinder/plugins/mcufinder/ => /Users/pablo/.stmcufinder/plugins/mcufinder
2024-09-30 15:19:42,305 [INFO] ApiDb:250 - Set database path to: /Users/pablo/.stmcufinder/plugins/mcufinder//mcu/
2024-09-30 15:19:42,305 [WARN] DbFile:41 - Overriding database path with different value: /Users/pablo/.stmcufinder/plugins/mcufinder/ => /Users/pablo/.stmcufinder/plugins/mcufinder
2024-09-30 15:19:42,305 [INFO] DbMcusAds:125 - Set database path to: /Users/pablo/.stmcufinder/plugins/mcufinder//mcu/
2024-09-30 15:19:42,305 [WARN] DbFile:41 - Overriding database path with different value: /Users/pablo/.stmcufinder/plugins/mcufinder/ => /Users/pablo/.stmcufinder/plugins/mcufinder
2024-09-30 15:19:42,305 [WARN] DbFile:41 - Overriding database path with different value: /Users/pablo/.stmcufinder/plugins/mcufinder/ => /Users/pablo/.stmcufinder/plugins/mcufinder
2024-09-30 15:19:42,305 [INFO] CrossReferenceDbSqlite:203 - Set database path to: /Users/pablo/.stmcufinder/plugins/mcufinder//mcu/cs/
2024-09-30 15:19:42,385 [INFO] MainPanel:268 - HeapMemory: 268435456
2024-09-30 15:19:42,640 [INFO] DbMcusXml:78 - Set database path to: /Applications/STM32CubeIDE.app/Contents/Eclipse/plugins/com.st.stm32cube.common.mx_6.12.1.202409122256//db//mcu/
2024-09-30 15:19:42,640 [INFO] ApiDb:274 - Set plugin database path to: /Applications/STM32CubeIDE.app/Contents/Eclipse/plugins/com.st.stm32cube.common.mx_6.12.1.202409122256//db//plugins/boardmanager/
2024-09-30 15:19:42,641 [INFO] ApiDb:261 - Set plugin images path to: /Applications/STM32CubeIDE.app/Contents/Eclipse/plugins/com.st.stm32cube.common.mx_6.12.1.202409122256//db//plugins/mcufinder/images/
2024-09-30 15:19:42,642 [WARN] DbFile:41 - Overriding database path with different value: /Users/pablo/.stmcufinder/plugins/mcufinder/ => /Users/pablo/.stmcufinder/plugins/mcufinder
2024-09-30 15:19:42,642 [INFO] ApiDb:250 - Set database path to: /Users/pablo/.stmcufinder/plugins/mcufinder//mcu/
2024-09-30 15:19:42,642 [WARN] DbFile:41 - Overriding database path with different value: /Users/pablo/.stmcufinder/plugins/mcufinder/ => /Users/pablo/.stmcufinder/plugins/mcufinder
2024-09-30 15:19:42,642 [INFO] DbMcusAds:125 - Set database path to: /Users/pablo/.stmcufinder/plugins/mcufinder//mcu/
2024-09-30 15:19:42,642 [WARN] DbFile:41 - Overriding database path with different value: /Users/pablo/.stmcufinder/plugins/mcufinder/ => /Users/pablo/.stmcufinder/plugins/mcufinder
2024-09-30 15:19:42,642 [WARN] DbFile:41 - Overriding database path with different value: /Users/pablo/.stmcufinder/plugins/mcufinder/ => /Users/pablo/.stmcufinder/plugins/mcufinder
2024-09-30 15:19:42,642 [INFO] CrossReferenceDbSqlite:203 - Set database path to: /Users/pablo/.stmcufinder/plugins/mcufinder//mcu/cs/
2024-09-30 15:19:42,661 [INFO] ApplicationProperties:184 - Using Application install path: /Applications/STM32CubeIDE.app/Contents/Eclipse/plugins/com.st.stm32cube.common.mx_6.12.1.202409122256
2024-09-30 15:19:42,662 [INFO] PluginManage:196 - Search for loadable plugins [exclusion list=, ]
2024-09-30 15:19:42,665 [INFO] PluginManage:310 - Check plugin analytics
2024-09-30 15:19:42,897 [INFO] AnalyticsPlugin:253 - Accepted Software Licenses: STM32CubeMX.6.12.0,STM32CubeMX.6.12.1
2024-09-30 15:19:42,897 [INFO] AnalyticsPlugin:255 - Accepted CMSIS Pack Licenses: 
2024-09-30 15:19:42,897 [INFO] AnalyticsPlugin:257 - Accepted Firmware Licenses: 
2024-09-30 15:19:42,907 [INFO] PluginManage:359 - Loaded plugin analytics (category:tool,tabindex:-1)
2024-09-30 15:19:42,908 [INFO] PluginManage:310 - Check plugin cadmodel
2024-09-30 15:19:42,922 [INFO] CADModel:105 - Init CAD model plugin
2024-09-30 15:19:42,923 [INFO] PluginManage:359 - Loaded plugin cadmodel (category:power,tabindex:5)
2024-09-30 15:19:42,923 [INFO] PluginManage:310 - Check plugin clock
2024-09-30 15:19:42,936 [INFO] PluginManage:359 - Loaded plugin clock (category:base,tabindex:2)
2024-09-30 15:19:42,936 [INFO] PluginManage:310 - Check plugin ddr
2024-09-30 15:19:42,939 [INFO] PluginManage:359 - Loaded plugin ddr (category:tool,tabindex:6)
2024-09-30 15:19:42,939 [INFO] PluginManage:310 - Check plugin filemanager
2024-09-30 15:19:43,087 [INFO] PluginManage:359 - Loaded plugin filemanager (category:base,tabindex:10)
2024-09-30 15:19:43,088 [INFO] PluginManage:310 - Check plugin ipmanager
2024-09-30 15:19:43,094 [INFO] PluginManage:359 - Loaded plugin ipmanager (category:base,tabindex:5)
2024-09-30 15:19:43,094 [INFO] PluginManage:310 - Check plugin lpbam
2024-09-30 15:19:43,103 [INFO] PluginManage:359 - Loaded plugin lpbam (category:base,tabindex:0)
2024-09-30 15:19:43,103 [INFO] PluginManage:310 - Check plugin memorymap
2024-09-30 15:19:43,115 [INFO] PluginManage:359 - Loaded plugin memorymap (category:base,tabindex:4)
2024-09-30 15:19:43,115 [INFO] PluginManage:310 - Check plugin pinoutandconfiguration
2024-09-30 15:19:43,122 [INFO] PluginManage:359 - Loaded plugin pinoutandconfiguration (category:base,tabindex:1)
2024-09-30 15:19:43,122 [INFO] PluginManage:310 - Check plugin pinoutconfig
2024-09-30 15:19:43,253 [WARN] SupportedApi:132 - Cannot load RTOS API schema: s4s-elt-must-match.1: The content of 'definitions' must match (annotation?, (simpleType | complexType)?, (unique | key | keyref)*)). A problem was found starting at: attribute.
2024-09-30 15:19:43,634 [ERROR] LogOutputStream:75 - [STDERR_REDIRECT] [Fatal Error] :2:10: DOCTYPE is disallowed when the feature "http://apache.org/xml/features/disallow-doctype-decl" set to true.
2024-09-30 15:19:43,637 [ERROR] LogOutputStream:75 - [STDERR_REDIRECT] 
2024-09-30 15:19:43,665 [INFO] PluginManage:359 - Loaded plugin pinoutconfig (category:base,tabindex:0)
2024-09-30 15:19:43,666 [INFO] PluginManage:310 - Check plugin power
2024-09-30 15:19:43,685 [INFO] PluginManage:359 - Loaded plugin power (category:power,tabindex:4)
2024-09-30 15:19:43,686 [INFO] PluginManage:310 - Check plugin projectmanager
2024-09-30 15:19:43,722 [INFO] PluginManage:359 - Loaded plugin projectmanager (category:projectmanager,tabindex:4)
2024-09-30 15:19:43,722 [INFO] PluginManage:310 - Check plugin rif
2024-09-30 15:19:43,727 [INFO] PluginManage:359 - Loaded plugin rif (category:base,tabindex:3)
2024-09-30 15:19:43,727 [INFO] PluginManage:310 - Check plugin thirdparty
2024-09-30 15:19:43,907 [INFO] PluginManage:359 - Loaded plugin thirdparty (category:base,tabindex:-1)
2024-09-30 15:19:43,907 [WARN] IntegrityCheckThread:84 - waiting for thirdparty lock release [integrity check]
2024-09-30 15:19:43,907 [INFO] PluginManage:310 - Check plugin tools
2024-09-30 15:19:43,908 [INFO] IntegrityCheckThread:86 - entering critical section [integrity check]
2024-09-30 15:19:43,913 [INFO] ThirdPartyUpdaterWithRetryManager:70 - Updater plugin not ready yet. [1/15]
2024-09-30 15:19:43,913 [INFO] PluginManage:359 - Loaded plugin tools (category:base,tabindex:7)
2024-09-30 15:19:43,913 [INFO] PluginManage:310 - Check plugin tutovideos
2024-09-30 15:19:44,076 [INFO] PluginManage:359 - Loaded plugin tutovideos (category:base,tabindex:-1)
2024-09-30 15:19:44,076 [INFO] PluginManage:310 - Check plugin updater
2024-09-30 15:19:44,103 [INFO] PluginManage:359 - Loaded plugin updater (category:base,tabindex:12)
2024-09-30 15:19:44,103 [INFO] PluginManage:310 - Check plugin userauth
2024-09-30 15:19:44,110 [INFO] UserAuth:113 - Init User Auth plugin
2024-09-30 15:19:44,110 [INFO] PluginManage:359 - Loaded plugin userauth (category:base,tabindex:14)
2024-09-30 15:19:44,110 [INFO] PluginManage:283 - PluginManage : Loaded plugins [18]
2024-09-30 15:19:44,451 [INFO] PinOutPanel:1561 - setPackage(No Configuration,No Configuration)
2024-09-30 15:19:44,660 [INFO] CADModel:165 - CPN selected for project level
2024-09-30 15:19:44,662 [INFO] CADModel:114 - Register for checkConnection events
2024-09-30 15:19:44,684 [INFO] IPUIPlugin:80 - create IPUIPlugin
2024-09-30 15:19:44,685 [INFO] PluginManager:220 - loadIPPluginJar : add mdma
2024-09-30 15:19:44,693 [INFO] IPUIPlugin:80 - create IPUIPlugin
2024-09-30 15:19:44,694 [INFO] PluginManager:220 - loadIPPluginJar : add freertos
2024-09-30 15:19:44,697 [INFO] IPUIPlugin:80 - create IPUIPlugin
2024-09-30 15:19:44,698 [INFO] PluginManager:220 - loadIPPluginJar : add gic
2024-09-30 15:19:44,706 [INFO] IPUIPlugin:80 - create IPUIPlugin
2024-09-30 15:19:44,706 [INFO] PluginManager:220 - loadIPPluginJar : add adc
2024-09-30 15:19:44,708 [INFO] IPUIPlugin:80 - create IPUIPlugin
2024-09-30 15:19:44,708 [INFO] PluginManager:220 - loadIPPluginJar : add gtzc
2024-09-30 15:19:44,709 [INFO] IPUIPlugin:80 - create IPUIPlugin
2024-09-30 15:19:44,709 [INFO] PluginManager:220 - loadIPPluginJar : add quadspi
2024-09-30 15:19:44,710 [INFO] IPUIPlugin:80 - create IPUIPlugin
2024-09-30 15:19:44,711 [INFO] PluginManager:220 - loadIPPluginJar : add aes
2024-09-30 15:19:44,714 [INFO] IPUIPlugin:80 - create IPUIPlugin
2024-09-30 15:19:44,714 [INFO] PluginManager:220 - loadIPPluginJar : add pdm2pcm
2024-09-30 15:19:44,715 [INFO] IPUIPlugin:80 - create IPUIPlugin
2024-09-30 15:19:44,716 [INFO] PluginManager:220 - loadIPPluginJar : add hash
2024-09-30 15:19:44,717 [INFO] IPUIPlugin:80 - create IPUIPlugin
2024-09-30 15:19:44,717 [INFO] PluginManager:220 - loadIPPluginJar : add tim
2024-09-30 15:19:44,719 [INFO] IPUIPlugin:80 - create IPUIPlugin
2024-09-30 15:19:44,719 [INFO] PluginManager:220 - loadIPPluginJar : add tsc
2024-09-30 15:19:44,722 [INFO] IPUIPlugin:80 - create IPUIPlugin
2024-09-30 15:19:44,722 [INFO] PluginManager:220 - loadIPPluginJar : add extmemmanager
2024-09-30 15:19:44,724 [INFO] IPUIPlugin:80 - create IPUIPlugin
2024-09-30 15:19:44,724 [INFO] PluginManager:220 - loadIPPluginJar : add ts
2024-09-30 15:19:44,725 [INFO] IPUIPlugin:80 - create IPUIPlugin
2024-09-30 15:19:44,727 [INFO] PluginManager:220 - loadIPPluginJar : add radio
2024-09-30 15:19:44,729 [INFO] IPUIPlugin:80 - create IPUIPlugin
2024-09-30 15:19:44,730 [INFO] PluginManager:220 - loadIPPluginJar : add can
2024-09-30 15:19:44,731 [INFO] IPUIPlugin:80 - create IPUIPlugin
2024-09-30 15:19:44,731 [INFO] PluginManager:220 - loadIPPluginJar : add dma3
2024-09-30 15:19:44,732 [INFO] IPUIPlugin:80 - create IPUIPlugin
2024-09-30 15:19:44,733 [INFO] PluginManager:220 - loadIPPluginJar : add dfsdm
2024-09-30 15:19:44,735 [INFO] IPUIPlugin:80 - create IPUIPlugin
2024-09-30 15:19:44,735 [INFO] PluginManager:220 - loadIPPluginJar : add spi
2024-09-30 15:19:44,737 [INFO] IPUIPlugin:80 - create IPUIPlugin
2024-09-30 15:19:44,737 [INFO] PluginManager:220 - loadIPPluginJar : add gfxmmu
2024-09-30 15:19:44,738 [INFO] IPUIPlugin:80 - create IPUIPlugin
2024-09-30 15:19:44,738 [INFO] PluginManager:220 - loadIPPluginJar : add genericplugin
2024-09-30 15:19:44,740 [INFO] IPUIPlugin:80 - create IPUIPlugin
2024-09-30 15:19:44,740 [INFO] PluginManager:220 - loadIPPluginJar : add cryp
2024-09-30 15:19:44,743 [INFO] IPUIPlugin:80 - create IPUIPlugin
2024-09-30 15:19:44,743 [INFO] PluginManager:220 - loadIPPluginJar : add gpio
2024-09-30 15:19:44,746 [INFO] IPUIPlugin:80 - create IPUIPlugin
2024-09-30 15:19:44,746 [INFO] PluginManager:220 - loadIPPluginJar : add ddr_ctrl_phy
2024-09-30 15:19:44,747 [INFO] IPUIPlugin:80 - create IPUIPlugin
2024-09-30 15:19:44,747 [INFO] PluginManager:220 - loadIPPluginJar : add comp
2024-09-30 15:19:44,749 [INFO] IPUIPlugin:80 - create IPUIPlugin
2024-09-30 15:19:44,749 [INFO] PluginManager:220 - loadIPPluginJar : add tracer_emb
2024-09-30 15:19:44,751 [INFO] IPUIPlugin:80 - create IPUIPlugin
2024-09-30 15:19:44,751 [INFO] PluginManager:220 - loadIPPluginJar : add openamp
2024-09-30 15:19:44,755 [INFO] IPUIPlugin:80 - create IPUIPlugin
2024-09-30 15:19:44,755 [INFO] PluginManager:220 - loadIPPluginJar : add stm32_wpan
2024-09-30 15:19:44,761 [INFO] IPUIPlugin:80 - create IPUIPlugin
2024-09-30 15:19:44,771 [INFO] PluginManager:220 - loadIPPluginJar : add plateformsettings
2024-09-30 15:19:44,775 [INFO] IPUIPlugin:80 - create IPUIPlugin
2024-09-30 15:19:44,775 [INFO] PluginManager:220 - loadIPPluginJar : add ipddr
2024-09-30 15:19:44,777 [INFO] IPUIPlugin:80 - create IPUIPlugin
2024-09-30 15:19:44,777 [INFO] PluginManager:220 - loadIPPluginJar : add usart
2024-09-30 15:19:44,778 [INFO] IPUIPlugin:80 - create IPUIPlugin
2024-09-30 15:19:44,779 [INFO] PluginManager:220 - loadIPPluginJar : add ltdc
2024-09-30 15:19:44,781 [INFO] IPUIPlugin:80 - create IPUIPlugin
2024-09-30 15:19:44,782 [INFO] PluginManager:220 - loadIPPluginJar : add nvic
2024-09-30 15:19:44,783 [INFO] IPUIPlugin:80 - create IPUIPlugin
2024-09-30 15:19:44,783 [INFO] PluginManager:220 - loadIPPluginJar : add fatfs
2024-09-30 15:19:44,788 [INFO] IPUIPlugin:80 - create IPUIPlugin
2024-09-30 15:19:44,788 [INFO] PluginManager:220 - loadIPPluginJar : add linkedlist
2024-09-30 15:19:44,792 [INFO] IPUIPlugin:80 - create IPUIPlugin
2024-09-30 15:19:44,793 [INFO] PluginManager:220 - loadIPPluginJar : add dma
2024-09-30 15:19:44,795 [INFO] IPUIPlugin:80 - create IPUIPlugin
2024-09-30 15:19:44,795 [INFO] PluginManager:220 - loadIPPluginJar : add fmc
2024-09-30 15:19:44,797 [INFO] IPUIPlugin:80 - create IPUIPlugin
2024-09-30 15:19:44,797 [INFO] PluginManager:220 - loadIPPluginJar : add i2s
2024-09-30 15:19:44,798 [INFO] IPUIPlugin:80 - create IPUIPlugin
2024-09-30 15:19:44,798 [INFO] PluginManager:220 - loadIPPluginJar : add ucpd
2024-09-30 15:19:44,800 [INFO] IPUIPlugin:80 - create IPUIPlugin
2024-09-30 15:19:44,800 [INFO] PluginManager:220 - loadIPPluginJar : add lorawan
2024-09-30 15:19:44,803 [INFO] IPUIPlugin:80 - create IPUIPlugin
2024-09-30 15:19:44,803 [INFO] PluginManager:220 - loadIPPluginJar : add opamp
2024-09-30 15:19:44,805 [INFO] IPUIPlugin:80 - create IPUIPlugin
2024-09-30 15:19:44,805 [INFO] PluginManager:220 - loadIPPluginJar : add i3c
2024-09-30 15:19:44,808 [INFO] IPUIPlugin:80 - create IPUIPlugin
2024-09-30 15:19:44,808 [INFO] PluginManager:220 - loadIPPluginJar : add touchsensing
2024-09-30 15:19:44,811 [INFO] IPUIPlugin:80 - create IPUIPlugin
2024-09-30 15:19:44,811 [INFO] PluginManager:220 - loadIPPluginJar : add i2c
2024-09-30 15:19:44,815 [INFO] IPUIPlugin:80 - create IPUIPlugin
2024-09-30 15:19:44,816 [INFO] PluginManager:220 - loadIPPluginJar : add resmgrutility
2024-09-30 15:19:44,818 [INFO] IPUIPlugin:80 - create IPUIPlugin
2024-09-30 15:19:44,818 [INFO] PluginManager:220 - loadIPPluginJar : add sai
2024-09-30 15:19:44,822 [INFO] IPUIPlugin:80 - create IPUIPlugin
2024-09-30 15:19:44,823 [INFO] PluginManager:220 - loadIPPluginJar : add usbx
2024-09-30 15:19:44,950 [INFO] CADModel:165 - CPN selected for project level
2024-09-30 15:19:44,950 [INFO] CADModel:114 - Register for checkConnection events
2024-09-30 15:19:44,950 [FATAL] Updater:334 - Updater called before beeing initialized
2024-09-30 15:19:44,950 [ERROR] CADModel:125 - Updater not yet initialized, retry later 
2024-09-30 15:19:45,190 [INFO] CADModel:165 - CPN selected for project level
2024-09-30 15:19:45,190 [INFO] CADModel:114 - Register for checkConnection events
2024-09-30 15:19:45,191 [FATAL] Updater:334 - Updater called before beeing initialized
2024-09-30 15:19:45,191 [ERROR] CADModel:125 - Updater not yet initialized, retry later 
2024-09-30 15:19:45,193 [FATAL] Updater:334 - Updater called before beeing initialized
2024-09-30 15:19:45,352 [FATAL] Updater:334 - Updater called before beeing initialized
2024-09-30 15:19:45,359 [INFO] DbMcusAds:53 - JSON generation date=Fri Sep 20 15:04:23 CEST 2024 (1726837463113)
2024-09-30 15:19:45,359 [FATAL] Updater:334 - Updater called before beeing initialized
2024-09-30 15:19:45,432 [WARN] DetailPanel:346 - Failed to get advertising image, set to default
2024-09-30 15:19:45,499 [FATAL] Updater:334 - Updater called before beeing initialized
2024-09-30 15:19:45,500 [FATAL] Updater:334 - Updater called before beeing initialized
2024-09-30 15:19:45,501 [FATAL] Updater:334 - Updater called before beeing initialized
2024-09-30 15:19:45,501 [WARN] DetailPanel:346 - Failed to get advertising image, set to default
2024-09-30 15:19:45,501 [FATAL] Updater:334 - Updater called before beeing initialized
2024-09-30 15:19:45,640 [ERROR] Updater:1164 - MainUpdater not yet initialized. External WinMGr cannot be set.
2024-09-30 15:19:45,650 [INFO] Updater:1100 - Updater Version found : 6.12.1
2024-09-30 15:19:45,667 [INFO] ApplicationProperties:184 - Using Application install path: /Applications/STM32CubeIDE.app/Contents/Eclipse/plugins/com.st.stm32cube.common.mx_6.12.1.202409122256
2024-09-30 15:19:46,191 [INFO] MainUpdater:2873 - connection check result : 10
2024-09-30 15:19:46,192 [INFO] MainUpdater:290 - Updater Check For Update Now.
2024-09-30 15:19:46,192 [INFO] MicroXplorer:498 - Change Database Version : DB.6.0.121
2024-09-30 15:19:46,205 [INFO] McuFinderGlobals:63 - Set McuFinder mode to 2 (CubeIDE integrated)
2024-09-30 15:19:46,208 [INFO] UserAuth:417 - Internet connection configuration mode: 1
2024-09-30 15:19:46,224 [INFO] JxBrowserEngine:152 - Initiate JxBrowser Engine with user profile folder
2024-09-30 15:19:46,477 [INFO] CheckServerUpdateThread:120 - End of CheckServer Thread
2024-09-30 15:19:47,142 [WARN] PackLoader:240 - Cannot read IP mode file for STMicroelectronics.FP-SNS-MOTENVWB1.1.4.0
2024-09-30 15:19:47,201 [WARN] PackLoader:240 - Cannot read IP mode file for STMicroelectronics.X-CUBE-SMBUS.2.1.0
2024-09-30 15:19:47,268 [WARN] PackLoader:240 - Cannot read IP mode file for STMicroelectronics.X-CUBE-AZRTOS-F7.1.1.0
2024-09-30 15:19:47,450 [WARN] PackLoader:240 - Cannot read IP mode file for STMicroelectronics.X-CUBE-MEMS1.11.0.0
2024-09-30 15:19:47,660 [WARN] PackLoader:240 - Cannot read IP mode file for STMicroelectronics.FP-SNS-FLIGHT1.5.0.2
2024-09-30 15:19:47,683 [WARN] PackLoader:240 - Cannot read IP mode file for STMicroelectronics.X-CUBE-DISPLAY.3.0.0
2024-09-30 15:19:47,709 [WARN] PackLoader:240 - Cannot read IP mode file for STMicroelectronics.X-CUBE-BLE1.7.0.0
2024-09-30 15:19:47,730 [WARN] PackLoader:240 - Cannot read IP mode file for STMicroelectronics.X-CUBE-NFC10.1.0.0
2024-09-30 15:19:47,744 [WARN] PackLoader:240 - Cannot read IP mode file for emotas.I-CUBE-CANOPEN.1.3.0
2024-09-30 15:19:47,790 [WARN] PackLoader:240 - Cannot read IP mode file for STMicroelectronics.X-CUBE-BLEMGR.3.1.0
2024-09-30 15:19:47,804 [WARN] PackLoader:240 - Cannot read IP mode file for STMicroelectronics.FP-SNS-SMARTAG2.1.2.0
2024-09-30 15:19:47,818 [INFO] LogOutputStream:77 - [STDOUT_REDIRECT] 1 : Invalid condition id : UX_CORESTACK_Condition cause : null
2024-09-30 15:19:47,821 [INFO] LogOutputStream:77 - [STDOUT_REDIRECT] 1 : Invalid condition id : UX_CORESTACK_Condition cause : null
2024-09-30 15:19:47,821 [INFO] LogOutputStream:77 - [STDOUT_REDIRECT] 1 : Invalid condition id : UX_CORESTACK_Condition cause : null
2024-09-30 15:19:47,822 [INFO] LogOutputStream:77 - [STDOUT_REDIRECT] 1 : Invalid condition id : UX_CORESTACK_Condition cause : null
2024-09-30 15:19:47,822 [INFO] LogOutputStream:77 - [STDOUT_REDIRECT] 1 : Invalid condition id : UX_CORESTACK_Condition cause : null
2024-09-30 15:19:47,827 [WARN] PackLoader:240 - Cannot read IP mode file for STMicroelectronics.X-CUBE-AZRTOS-WL.2.0.0
2024-09-30 15:19:47,834 [WARN] PackLoader:240 - Cannot read IP mode file for STMicroelectronics.FP-SNS-MOTENV1.5.0.0
2024-09-30 15:19:47,845 [WARN] PackLoader:240 - Cannot read IP mode file for wolfSSL.I-CUBE-wolfMQTT.1.19.0
2024-09-30 15:19:47,854 [WARN] PackLoader:240 - Cannot read IP mode file for WES.I-CUBE-Cesium.1.3.0
2024-09-30 15:19:47,864 [WARN] PackLoader:240 - Cannot read IP mode file for STMicroelectronics.X-CUBE-BLE2.3.3.0
2024-09-30 15:19:47,882 [WARN] PackLoader:240 - Cannot read IP mode file for STMicroelectronics.X-CUBE-NFC9.1.0.0
2024-09-30 15:19:47,898 [WARN] PackLoader:240 - Cannot read IP mode file for STMicroelectronics.X-CUBE-TCPP.4.1.0
2024-09-30 15:19:48,010 [WARN] PackLoader:240 - Cannot read IP mode file for STMicroelectronics.X-CUBE-AZRTOS-G0.1.1.0
2024-09-30 15:19:48,040 [WARN] PackLoader:240 - Cannot read IP mode file for STMicroelectronics.X-CUBE-SAFEA1.1.2.2
2024-09-30 15:19:48,064 [WARN] PackLoader:240 - Cannot read IP mode file for STMicroelectronics.X-CUBE-NFC4.3.0.0
2024-09-30 15:19:48,097 [WARN] PackLoader:240 - Cannot read IP mode file for EmbeddedOffice.I-CUBE-FS-RTOS.1.0.1
2024-09-30 15:19:48,102 [ERROR] ConditionMgr:805 - Attr not supported : Dmpu
2024-09-30 15:19:48,103 [ERROR] ConditionMgr:805 - Attr not supported : Dmpu
2024-09-30 15:19:48,103 [ERROR] ConditionMgr:805 - Attr not supported : Dmpu
2024-09-30 15:19:48,103 [ERROR] ConditionMgr:805 - Attr not supported : Dmpu
2024-09-30 15:19:48,103 [ERROR] ConditionMgr:805 - Attr not supported : Dmpu
2024-09-30 15:19:48,103 [ERROR] ConditionMgr:805 - Attr not supported : Dmpu
2024-09-30 15:19:48,103 [ERROR] ConditionMgr:805 - Attr not supported : Dmpu
2024-09-30 15:19:48,103 [ERROR] ConditionMgr:805 - Attr not supported : Dmpu
2024-09-30 15:19:48,103 [ERROR] ConditionMgr:805 - Attr not supported : Dmpu
2024-09-30 15:19:48,103 [ERROR] ConditionMgr:805 - Attr not supported : Dmpu
2024-09-30 15:19:48,103 [ERROR] ConditionMgr:805 - Attr not supported : Dmpu
2024-09-30 15:19:48,104 [ERROR] ConditionMgr:805 - Attr not supported : Dmpu
2024-09-30 15:19:48,104 [ERROR] ConditionMgr:805 - Attr not supported : Dmpu
2024-09-30 15:19:48,104 [ERROR] ConditionMgr:805 - Attr not supported : Dmpu
2024-09-30 15:19:48,104 [ERROR] ConditionMgr:805 - Attr not supported : Dmpu
2024-09-30 15:19:48,104 [ERROR] ConditionMgr:805 - Attr not supported : Dmpu
2024-09-30 15:19:48,104 [ERROR] ConditionMgr:805 - Attr not supported : Dmpu
2024-09-30 15:19:48,104 [ERROR] ConditionMgr:805 - Attr not supported : Dmpu
2024-09-30 15:19:48,104 [ERROR] ConditionMgr:805 - Attr not supported : Dmpu
2024-09-30 15:19:48,104 [ERROR] ConditionMgr:805 - Attr not supported : Dmpu
2024-09-30 15:19:48,104 [ERROR] ConditionMgr:805 - Attr not supported : Dmpu
2024-09-30 15:19:48,104 [ERROR] ConditionMgr:805 - Attr not supported : Dmpu
2024-09-30 15:19:48,104 [ERROR] ConditionMgr:805 - Attr not supported : Dmpu
2024-09-30 15:19:48,104 [ERROR] ConditionMgr:805 - Attr not supported : Dmpu
2024-09-30 15:19:48,104 [ERROR] ConditionMgr:805 - Attr not supported : Dmpu
2024-09-30 15:19:48,105 [ERROR] ConditionMgr:805 - Attr not supported : Dmpu
2024-09-30 15:19:48,105 [ERROR] ConditionMgr:805 - Attr not supported : Dmpu
2024-09-30 15:19:48,105 [ERROR] ConditionMgr:805 - Attr not supported : Dmpu
2024-09-30 15:19:48,105 [ERROR] ConditionMgr:805 - Attr not supported : Dmpu
2024-09-30 15:19:48,105 [ERROR] ConditionMgr:805 - Attr not supported : Dmpu
2024-09-30 15:19:48,105 [ERROR] ConditionMgr:805 - Attr not supported : Dmpu
2024-09-30 15:19:48,105 [ERROR] ConditionMgr:805 - Attr not supported : Dmpu
2024-09-30 15:19:48,105 [ERROR] ConditionMgr:805 - Attr not supported : Dmpu
2024-09-30 15:19:48,105 [ERROR] ConditionMgr:805 - Attr not supported : Dmpu
2024-09-30 15:19:48,106 [ERROR] ConditionMgr:805 - Attr not supported : Dmpu
2024-09-30 15:19:48,107 [ERROR] ConditionMgr:805 - Attr not supported : Dmpu
2024-09-30 15:19:48,107 [ERROR] ConditionMgr:805 - Attr not supported : Dmpu
2024-09-30 15:19:48,108 [ERROR] ConditionMgr:805 - Attr not supported : Dmpu
2024-09-30 15:19:48,108 [ERROR] ConditionMgr:805 - Attr not supported : Dmpu
2024-09-30 15:19:48,108 [ERROR] ConditionMgr:805 - Attr not supported : Dmpu
2024-09-30 15:19:48,108 [ERROR] ConditionMgr:805 - Attr not supported : Dmpu
2024-09-30 15:19:48,108 [ERROR] ConditionMgr:805 - Attr not supported : Dmpu
2024-09-30 15:19:48,108 [ERROR] ConditionMgr:805 - Attr not supported : Dmpu
2024-09-30 15:19:48,108 [ERROR] ConditionMgr:805 - Attr not supported : Dmpu
2024-09-30 15:19:48,108 [ERROR] ConditionMgr:805 - Attr not supported : Dmpu
2024-09-30 15:19:48,108 [ERROR] ConditionMgr:805 - Attr not supported : Dmpu
2024-09-30 15:19:48,108 [ERROR] ConditionMgr:805 - Attr not supported : Dmpu
2024-09-30 15:19:48,108 [ERROR] ConditionMgr:805 - Attr not supported : Dmpu
2024-09-30 15:19:48,108 [ERROR] ConditionMgr:805 - Attr not supported : Dmpu
2024-09-30 15:19:48,108 [ERROR] ConditionMgr:805 - Attr not supported : Dmpu
2024-09-30 15:19:48,108 [ERROR] ConditionMgr:805 - Attr not supported : Dmpu
2024-09-30 15:19:48,108 [ERROR] ConditionMgr:805 - Attr not supported : Dmpu
2024-09-30 15:19:48,108 [ERROR] ConditionMgr:805 - Attr not supported : Dmpu
2024-09-30 15:19:48,108 [ERROR] ConditionMgr:805 - Attr not supported : Dmpu
2024-09-30 15:19:48,108 [ERROR] ConditionMgr:805 - Attr not supported : Dmpu
2024-09-30 15:19:48,108 [ERROR] ConditionMgr:805 - Attr not supported : Dmpu
2024-09-30 15:19:48,108 [ERROR] ConditionMgr:805 - Attr not supported : Dmpu
2024-09-30 15:19:48,108 [ERROR] ConditionMgr:805 - Attr not supported : Dmpu
2024-09-30 15:19:48,109 [ERROR] ConditionMgr:805 - Attr not supported : Dmpu
2024-09-30 15:19:48,109 [ERROR] ConditionMgr:805 - Attr not supported : Dmpu
2024-09-30 15:19:48,109 [ERROR] ConditionMgr:805 - Attr not supported : Dmpu
2024-09-30 15:19:48,109 [ERROR] ConditionMgr:805 - Attr not supported : Dmpu
2024-09-30 15:19:48,109 [ERROR] ConditionMgr:805 - Attr not supported : Dmpu
2024-09-30 15:19:48,109 [ERROR] ConditionMgr:805 - Attr not supported : Dmpu
2024-09-30 15:19:48,115 [WARN] PackLoader:240 - Cannot read IP mode file for RealThread.X-CUBE-RT-Thread_Nano.4.1.1
2024-09-30 15:19:48,127 [WARN] PackLoader:240 - Cannot read IP mode file for STMicroelectronics.FP-ATR-SIGFOX1.3.2.0
2024-09-30 15:19:48,139 [WARN] PackLoader:240 - Cannot read IP mode file for wolfSSL.I-CUBE-wolfSSL.5.7.2
2024-09-30 15:19:48,146 [WARN] PackLoader:240 - Cannot read IP mode file for STMicroelectronics.X-CUBE-EEPRMA1.5.1.0
2024-09-30 15:19:48,153 [WARN] PackLoader:240 - Cannot read IP mode file for ITTIA_DB.I-CUBE-ITTIADB.8.9.0
2024-09-30 15:19:48,216 [WARN] PackLoader:240 - Cannot read IP mode file for SEGGER.I-CUBE-embOS.1.3.1
2024-09-30 15:19:48,375 [WARN] PackLoader:240 - Cannot read IP mode file for STMicroelectronics.X-CUBE-ALGOBUILD.1.4.0
2024-09-30 15:19:48,471 [WARN] PackLoader:240 - Cannot read IP mode file for STMicroelectronics.X-CUBE-AZRTOS-F4.1.1.0
2024-09-30 15:19:48,490 [WARN] PackLoader:240 - Cannot read IP mode file for STMicroelectronics.X-CUBE-ISPU.2.1.0
2024-09-30 15:19:48,510 [WARN] PackLoader:240 - Cannot read IP mode file for STMicroelectronics.X-CUBE-FREERTOS.1.2.0
2024-09-30 15:19:48,555 [WARN] PackLoader:240 - Cannot read IP mode file for STMicroelectronics.X-CUBE-AZRTOS-L5.2.0.0
2024-09-30 15:19:48,571 [WARN] PackLoader:240 - Cannot read IP mode file for STMicroelectronics.X-CUBE-NFC6.3.1.0
2024-09-30 15:19:48,581 [WARN] PackLoader:240 - Cannot read IP mode file for STMicroelectronics.X-CUBE-DPower.1.2.0
2024-09-30 15:19:48,587 [WARN] PackLoader:240 - Cannot read IP mode file for STMicroelectronics.X-CUBE-AI.9.0.0
2024-09-30 15:19:48,594 [WARN] PackLoader:240 - Cannot read IP mode file for STMicroelectronics.X-CUBE-NFC7.1.0.1
2024-09-30 15:19:48,629 [WARN] ConditionMgr:438 - getConditionDescription Invalid condition id : LAN8742 Phy interface Condition cause : null
2024-09-30 15:19:48,631 [WARN] PackLoader:240 - Cannot read IP mode file for STMicroelectronics.X-CUBE-AZRTOS-L4.2.0.0
2024-09-30 15:19:48,636 [WARN] ConditionMgr:1039 - genDependencies : Invalid condition id : LAN8742 Phy interface Condition cause : null
2024-09-30 15:19:48,636 [WARN] ConditionMgr:1039 - genDependencies : Invalid condition id : LAN8742 Phy interface Condition cause : null
2024-09-30 15:19:48,638 [WARN] ConditionMgr:1039 - genDependencies : Invalid condition id : LAN8742 Phy interface Condition cause : null
2024-09-30 15:19:48,674 [WARN] PackLoader:240 - Cannot read IP mode file for STMicroelectronics.X-CUBE-SFXS2LP1.4.0.0
2024-09-30 15:19:48,708 [WARN] PackLoader:240 - Cannot read IP mode file for STMicroelectronics.X-CUBE-AZRTOS-H7.3.3.0
2024-09-30 15:19:48,737 [WARN] ConditionMgr:438 - getConditionDescription Invalid condition id : UX DEVICE CLASS RTOS Condition cause : null
2024-09-30 15:19:48,737 [WARN] ConditionMgr:438 - getConditionDescription Invalid condition id : UX DEVICE CLASS RTOS Condition cause : null
2024-09-30 15:19:48,741 [WARN] PackLoader:240 - Cannot read IP mode file for STMicroelectronics.X-CUBE-AZRTOS-WB.2.0.0
2024-09-30 15:19:48,746 [WARN] ConditionMgr:1039 - genDependencies : Invalid condition id : UX DEVICE CLASS RTOS Condition cause : null
2024-09-30 15:19:48,746 [WARN] ConditionMgr:1039 - genDependencies : Invalid condition id : UX DEVICE CLASS RTOS Condition cause : null
2024-09-30 15:19:48,748 [WARN] ConditionMgr:1039 - genDependencies : Invalid condition id : UX DEVICE CLASS RTOS Condition cause : null
2024-09-30 15:19:48,749 [WARN] ConditionMgr:1039 - genDependencies : Invalid condition id : UX DEVICE CLASS RTOS Condition cause : null
2024-09-30 15:19:48,749 [WARN] ConditionMgr:1039 - genDependencies : Invalid condition id : UX DEVICE CLASS RTOS Condition cause : null
2024-09-30 15:19:48,764 [WARN] PackLoader:240 - Cannot read IP mode file for STMicroelectronics.X-CUBE-GNSS1.7.0.0
2024-09-30 15:19:48,776 [WARN] PackLoader:240 - Cannot read IP mode file for STMicroelectronics.FP-SNS-STBOX1.2.0.0
2024-09-30 15:19:48,802 [WARN] PackLoader:240 - Cannot read IP mode file for STMicroelectronics.X-CUBE-SUBG2.5.0.0
2024-09-30 15:19:48,819 [WARN] PackLoader:240 - Cannot read IP mode file for Cesanta.I-CUBE-Mongoose.7.13.0
2024-09-30 15:19:48,838 [WARN] PackLoader:240 - Cannot read IP mode file for STMicroelectronics.X-CUBE-AZRTOS-G4.2.0.0
2024-09-30 15:19:48,847 [WARN] PackLoader:240 - Cannot read IP mode file for STMicroelectronics.X-CUBE-ISPU.2.0.0
2024-09-30 15:19:48,853 [WARN] PackLoader:240 - Cannot read IP mode file for STMicroelectronics.X-CUBE-ALS.1.0.2
2024-09-30 15:19:48,866 [WARN] PackLoader:240 - Cannot read IP mode file for STMicroelectronics.X-CUBE-TOUCHGFX.4.24.0
2024-09-30 15:19:48,868 [WARN] PackLoader:240 - Cannot read IP mode file for STMicroelectronics.X-CUBE-TOUCHGFX.4.24.1
2024-09-30 15:19:48,871 [WARN] PackLoader:240 - Cannot read IP mode file for wolfSSL.I-CUBE-wolfTPM.3.4.0
2024-09-30 15:19:48,876 [WARN] PackLoader:240 - Cannot read IP mode file for portGmbH.I-Cube-SoM-uGOAL.1.1.0
2024-09-30 15:19:48,898 [WARN] PackLoader:240 - Cannot read IP mode file for STMicroelectronics.X-CUBE-AZRTOS-H7RS.1.0.0
2024-09-30 15:19:48,915 [WARN] PackLoader:240 - Cannot read IP mode file for STMicroelectronics.FP-ATR-ASTRA1.2.0.0
2024-09-30 15:19:48,935 [WARN] PackLoader:240 - Cannot read IP mode file for STMicroelectronics.X-CUBE-TOF1.3.4.2
2024-09-30 15:19:48,994 [WARN] PackLoader:240 - Cannot read IP mode file for Infineon.AIROC-Wi-Fi-Bluetooth-STM32.1.6.1
2024-09-30 15:19:49,015 [WARN] PackLoader:240 - Cannot read IP mode file for wolfSSL.I-CUBE-wolfSSH.1.4.17
2024-09-30 15:19:49,019 [INFO] ThirdParty:978 - Integrity check success = true
2024-09-30 15:19:49,019 [INFO] IntegrityCheckThread:100 - exiting critical section [integrity check]
2024-09-30 15:19:49,019 [INFO] IntegrityCheckThread:103 - End integrity checks thread
2024-09-30 15:19:50,773 [INFO] WebApp:167 - Instantiating new browser for Auth
2024-09-30 15:19:52,606 [INFO] WebApp:448 - Apply proxy settings
2024-09-30 15:19:52,638 [INFO] WebApp:493 - Chromium authenticates against Manually configured proxy
2024-09-30 15:19:52,662 [INFO] WebApp:501 - Username used for proxy authentication: 
2024-09-30 15:19:52,738 [INFO] WebApp:869 - Register for checkConnection events
2024-09-30 15:19:52,739 [INFO] WebApp:448 - Apply proxy settings
2024-09-30 15:19:52,742 [INFO] WebApp:493 - Chromium authenticates against Manually configured proxy
2024-09-30 15:19:52,742 [INFO] WebApp:501 - Username used for proxy authentication: 
2024-09-30 15:19:52,913 [INFO] WebApp:220 - Starting web application
2024-09-30 15:19:52,913 [INFO] WebApp:578 - Web application path used /Applications/STM32CubeIDE.app/Contents/Eclipse/plugins/com.st.stm32cube.common.mx_6.12.1.202409122256/db/plugins/mcufinder/reactClient1/index.html
2024-09-30 15:19:53,451 [INFO] WebApp:186 - Connection restablished
2024-09-30 15:19:53,568 [INFO] UserAuth:417 - Internet connection configuration mode: 1
2024-09-30 15:39:24,009 [ERROR] LogOutputStream:75 - [STDERR_REDIRECT] 
2024-09-30 15:41:08,009 [INFO] Activator:176 - 


2024-09-30 15:41:08,013 [INFO] Activator:177 - !SESSION log4j initialized
2024-09-30 15:41:12,936 [INFO] LogOutputStream:77 - [STDOUT_REDIRECT] 
2024-09-30 15:41:16,396 [INFO] LogOutputStream:77 - [STDOUT_REDIRECT] 
2024-09-30 15:41:17,376 [ERROR] LogOutputStream:75 - [STDERR_REDIRECT] 
2024-09-30 15:41:17,884 [INFO] ApplicationProperties:184 - Using Application install path: /Applications/STM32CubeIDE.app/Contents/Eclipse/plugins/com.st.stm32cube.common.mx_6.12.1.202409122256
2024-09-30 15:41:17,917 [INFO] DbMcusXml:78 - Set database path to: /Applications/STM32CubeIDE.app/Contents/Eclipse/plugins/com.st.stm32cube.common.mx_6.12.1.202409122256//db//mcu/
2024-09-30 15:41:17,918 [INFO] ApiDb:274 - Set plugin database path to: /Applications/STM32CubeIDE.app/Contents/Eclipse/plugins/com.st.stm32cube.common.mx_6.12.1.202409122256//db//plugins/boardmanager/
2024-09-30 15:41:17,921 [WARN] ApiDb:259 - Overriding images path with different value:  => /Applications/STM32CubeIDE.app/Contents/Eclipse/plugins/com.st.stm32cube.common.mx_6.12.1.202409122256//db//plugins/mcufinder/images/
2024-09-30 15:41:17,938 [INFO] ApiDb:250 - Set database path to: /Users/pablo/.stmcufinder/plugins/mcufinder//mcu/
2024-09-30 15:41:17,939 [INFO] DbMcusAds:125 - Set database path to: /Users/pablo/.stmcufinder/plugins/mcufinder//mcu/
2024-09-30 15:41:17,942 [INFO] CrossReferenceDbSqlite:203 - Set database path to: /Users/pablo/.stmcufinder/plugins/mcufinder//mcu/cs/
2024-09-30 15:41:18,218 [INFO] RulesReader:64 - Compatibility file has been processed (297 Rules)
2024-09-30 15:41:18,385 [INFO] DbMcusXml:78 - Set database path to: /Applications/STM32CubeIDE.app/Contents/Eclipse/plugins/com.st.stm32cube.common.mx_6.12.1.202409122256//db//mcu/
2024-09-30 15:41:18,389 [INFO] ApiDb:274 - Set plugin database path to: /Applications/STM32CubeIDE.app/Contents/Eclipse/plugins/com.st.stm32cube.common.mx_6.12.1.202409122256//db//plugins/boardmanager/
2024-09-30 15:41:18,394 [INFO] ApiDb:261 - Set plugin images path to: /Applications/STM32CubeIDE.app/Contents/Eclipse/plugins/com.st.stm32cube.common.mx_6.12.1.202409122256//db//plugins/mcufinder/images/
2024-09-30 15:41:18,399 [WARN] DbFile:41 - Overriding database path with different value: /Users/pablo/.stmcufinder/plugins/mcufinder/ => /Users/pablo/.stmcufinder/plugins/mcufinder
2024-09-30 15:41:18,399 [INFO] ApiDb:250 - Set database path to: /Users/pablo/.stmcufinder/plugins/mcufinder//mcu/
2024-09-30 15:41:18,400 [WARN] DbFile:41 - Overriding database path with different value: /Users/pablo/.stmcufinder/plugins/mcufinder/ => /Users/pablo/.stmcufinder/plugins/mcufinder
2024-09-30 15:41:18,402 [INFO] DbMcusAds:125 - Set database path to: /Users/pablo/.stmcufinder/plugins/mcufinder//mcu/
2024-09-30 15:41:18,402 [WARN] DbFile:41 - Overriding database path with different value: /Users/pablo/.stmcufinder/plugins/mcufinder/ => /Users/pablo/.stmcufinder/plugins/mcufinder
2024-09-30 15:41:18,402 [WARN] DbFile:41 - Overriding database path with different value: /Users/pablo/.stmcufinder/plugins/mcufinder/ => /Users/pablo/.stmcufinder/plugins/mcufinder
2024-09-30 15:41:18,411 [INFO] CrossReferenceDbSqlite:203 - Set database path to: /Users/pablo/.stmcufinder/plugins/mcufinder//mcu/cs/
2024-09-30 15:41:18,603 [INFO] MainPanel:268 - HeapMemory: 268435456
2024-09-30 15:41:18,929 [INFO] DbMcusXml:78 - Set database path to: /Applications/STM32CubeIDE.app/Contents/Eclipse/plugins/com.st.stm32cube.common.mx_6.12.1.202409122256//db//mcu/
2024-09-30 15:41:18,930 [INFO] ApiDb:274 - Set plugin database path to: /Applications/STM32CubeIDE.app/Contents/Eclipse/plugins/com.st.stm32cube.common.mx_6.12.1.202409122256//db//plugins/boardmanager/
2024-09-30 15:41:18,931 [INFO] ApiDb:261 - Set plugin images path to: /Applications/STM32CubeIDE.app/Contents/Eclipse/plugins/com.st.stm32cube.common.mx_6.12.1.202409122256//db//plugins/mcufinder/images/
2024-09-30 15:41:18,932 [WARN] DbFile:41 - Overriding database path with different value: /Users/pablo/.stmcufinder/plugins/mcufinder/ => /Users/pablo/.stmcufinder/plugins/mcufinder
2024-09-30 15:41:18,932 [INFO] ApiDb:250 - Set database path to: /Users/pablo/.stmcufinder/plugins/mcufinder//mcu/
2024-09-30 15:41:18,932 [WARN] DbFile:41 - Overriding database path with different value: /Users/pablo/.stmcufinder/plugins/mcufinder/ => /Users/pablo/.stmcufinder/plugins/mcufinder
2024-09-30 15:41:18,932 [INFO] DbMcusAds:125 - Set database path to: /Users/pablo/.stmcufinder/plugins/mcufinder//mcu/
2024-09-30 15:41:18,932 [WARN] DbFile:41 - Overriding database path with different value: /Users/pablo/.stmcufinder/plugins/mcufinder/ => /Users/pablo/.stmcufinder/plugins/mcufinder
2024-09-30 15:41:18,932 [WARN] DbFile:41 - Overriding database path with different value: /Users/pablo/.stmcufinder/plugins/mcufinder/ => /Users/pablo/.stmcufinder/plugins/mcufinder
2024-09-30 15:41:18,932 [INFO] CrossReferenceDbSqlite:203 - Set database path to: /Users/pablo/.stmcufinder/plugins/mcufinder//mcu/cs/
2024-09-30 15:41:18,960 [INFO] ApplicationProperties:184 - Using Application install path: /Applications/STM32CubeIDE.app/Contents/Eclipse/plugins/com.st.stm32cube.common.mx_6.12.1.202409122256
2024-09-30 15:41:18,961 [INFO] PluginManage:196 - Search for loadable plugins [exclusion list=, ]
2024-09-30 15:41:18,964 [INFO] PluginManage:310 - Check plugin analytics
2024-09-30 15:41:19,190 [INFO] AnalyticsPlugin:253 - Accepted Software Licenses: STM32CubeMX.6.12.0,STM32CubeMX.6.12.1
2024-09-30 15:41:19,191 [INFO] AnalyticsPlugin:255 - Accepted CMSIS Pack Licenses: 
2024-09-30 15:41:19,191 [INFO] AnalyticsPlugin:257 - Accepted Firmware Licenses: 
2024-09-30 15:41:19,206 [INFO] PluginManage:359 - Loaded plugin analytics (category:tool,tabindex:-1)
2024-09-30 15:41:19,207 [INFO] PluginManage:310 - Check plugin cadmodel
2024-09-30 15:41:19,217 [INFO] CADModel:105 - Init CAD model plugin
2024-09-30 15:41:19,218 [INFO] PluginManage:359 - Loaded plugin cadmodel (category:power,tabindex:5)
2024-09-30 15:41:19,218 [INFO] PluginManage:310 - Check plugin clock
2024-09-30 15:41:19,228 [INFO] PluginManage:359 - Loaded plugin clock (category:base,tabindex:2)
2024-09-30 15:41:19,228 [INFO] PluginManage:310 - Check plugin ddr
2024-09-30 15:41:19,230 [INFO] PluginManage:359 - Loaded plugin ddr (category:tool,tabindex:6)
2024-09-30 15:41:19,230 [INFO] PluginManage:310 - Check plugin filemanager
2024-09-30 15:41:19,379 [INFO] PluginManage:359 - Loaded plugin filemanager (category:base,tabindex:10)
2024-09-30 15:41:19,380 [INFO] PluginManage:310 - Check plugin ipmanager
2024-09-30 15:41:19,386 [INFO] PluginManage:359 - Loaded plugin ipmanager (category:base,tabindex:5)
2024-09-30 15:41:19,387 [INFO] PluginManage:310 - Check plugin lpbam
2024-09-30 15:41:19,394 [INFO] PluginManage:359 - Loaded plugin lpbam (category:base,tabindex:0)
2024-09-30 15:41:19,395 [INFO] PluginManage:310 - Check plugin memorymap
2024-09-30 15:41:19,403 [INFO] PluginManage:359 - Loaded plugin memorymap (category:base,tabindex:4)
2024-09-30 15:41:19,403 [INFO] PluginManage:310 - Check plugin pinoutandconfiguration
2024-09-30 15:41:19,408 [INFO] PluginManage:359 - Loaded plugin pinoutandconfiguration (category:base,tabindex:1)
2024-09-30 15:41:19,408 [INFO] PluginManage:310 - Check plugin pinoutconfig
2024-09-30 15:41:19,492 [WARN] SupportedApi:132 - Cannot load RTOS API schema: s4s-elt-must-match.1: The content of 'definitions' must match (annotation?, (simpleType | complexType)?, (unique | key | keyref)*)). A problem was found starting at: attribute.
2024-09-30 15:41:19,648 [INFO] PluginManage:359 - Loaded plugin pinoutconfig (category:base,tabindex:0)
2024-09-30 15:41:19,648 [INFO] PluginManage:310 - Check plugin power
2024-09-30 15:41:19,658 [INFO] PluginManage:359 - Loaded plugin power (category:power,tabindex:4)
2024-09-30 15:41:19,659 [INFO] PluginManage:310 - Check plugin projectmanager
2024-09-30 15:41:19,688 [INFO] PluginManage:359 - Loaded plugin projectmanager (category:projectmanager,tabindex:4)
2024-09-30 15:41:19,688 [INFO] PluginManage:310 - Check plugin rif
2024-09-30 15:41:19,693 [INFO] PluginManage:359 - Loaded plugin rif (category:base,tabindex:3)
2024-09-30 15:41:19,693 [INFO] PluginManage:310 - Check plugin thirdparty
2024-09-30 15:41:19,900 [INFO] PluginManage:359 - Loaded plugin thirdparty (category:base,tabindex:-1)
2024-09-30 15:41:19,900 [INFO] PluginManage:310 - Check plugin tools
2024-09-30 15:41:19,900 [WARN] IntegrityCheckThread:84 - waiting for thirdparty lock release [integrity check]
2024-09-30 15:41:19,901 [INFO] IntegrityCheckThread:86 - entering critical section [integrity check]
2024-09-30 15:41:19,903 [INFO] ThirdPartyUpdaterWithRetryManager:70 - Updater plugin not ready yet. [1/15]
2024-09-30 15:41:19,904 [INFO] PluginManage:359 - Loaded plugin tools (category:base,tabindex:7)
2024-09-30 15:41:19,904 [INFO] PluginManage:310 - Check plugin tutovideos
2024-09-30 15:41:20,334 [INFO] PluginManage:359 - Loaded plugin tutovideos (category:base,tabindex:-1)
2024-09-30 15:41:20,336 [INFO] PluginManage:310 - Check plugin updater
2024-09-30 15:41:20,348 [ERROR] LogOutputStream:75 - [STDERR_REDIRECT] [Fatal Error] :2:10: DOCTYPE is disallowed when the feature "http://apache.org/xml/features/disallow-doctype-decl" set to true.
2024-09-30 15:41:20,350 [ERROR] LogOutputStream:75 - [STDERR_REDIRECT] 
2024-09-30 15:41:20,390 [INFO] PluginManage:359 - Loaded plugin updater (category:base,tabindex:12)
2024-09-30 15:41:20,390 [INFO] PluginManage:310 - Check plugin userauth
2024-09-30 15:41:20,400 [INFO] UserAuth:113 - Init User Auth plugin
2024-09-30 15:41:20,400 [INFO] PluginManage:359 - Loaded plugin userauth (category:base,tabindex:14)
2024-09-30 15:41:20,402 [INFO] PluginManage:283 - PluginManage : Loaded plugins [18]
2024-09-30 15:41:20,643 [INFO] PinOutPanel:1561 - setPackage(No Configuration,No Configuration)
2024-09-30 15:41:20,803 [INFO] CADModel:165 - CPN selected for project level
2024-09-30 15:41:20,805 [INFO] CADModel:114 - Register for checkConnection events
2024-09-30 15:41:20,824 [INFO] IPUIPlugin:80 - create IPUIPlugin
2024-09-30 15:41:20,824 [INFO] PluginManager:220 - loadIPPluginJar : add mdma
2024-09-30 15:41:20,830 [INFO] IPUIPlugin:80 - create IPUIPlugin
2024-09-30 15:41:20,830 [INFO] PluginManager:220 - loadIPPluginJar : add freertos
2024-09-30 15:41:20,833 [INFO] IPUIPlugin:80 - create IPUIPlugin
2024-09-30 15:41:20,833 [INFO] PluginManager:220 - loadIPPluginJar : add gic
2024-09-30 15:41:20,839 [INFO] IPUIPlugin:80 - create IPUIPlugin
2024-09-30 15:41:20,839 [INFO] PluginManager:220 - loadIPPluginJar : add adc
2024-09-30 15:41:20,841 [INFO] IPUIPlugin:80 - create IPUIPlugin
2024-09-30 15:41:20,841 [INFO] PluginManager:220 - loadIPPluginJar : add gtzc
2024-09-30 15:41:20,841 [INFO] IPUIPlugin:80 - create IPUIPlugin
2024-09-30 15:41:20,841 [INFO] PluginManager:220 - loadIPPluginJar : add quadspi
2024-09-30 15:41:20,842 [INFO] IPUIPlugin:80 - create IPUIPlugin
2024-09-30 15:41:20,842 [INFO] PluginManager:220 - loadIPPluginJar : add aes
2024-09-30 15:41:20,844 [INFO] IPUIPlugin:80 - create IPUIPlugin
2024-09-30 15:41:20,844 [INFO] PluginManager:220 - loadIPPluginJar : add pdm2pcm
2024-09-30 15:41:20,845 [INFO] IPUIPlugin:80 - create IPUIPlugin
2024-09-30 15:41:20,845 [INFO] PluginManager:220 - loadIPPluginJar : add hash
2024-09-30 15:41:20,846 [INFO] IPUIPlugin:80 - create IPUIPlugin
2024-09-30 15:41:20,846 [INFO] PluginManager:220 - loadIPPluginJar : add tim
2024-09-30 15:41:20,847 [INFO] IPUIPlugin:80 - create IPUIPlugin
2024-09-30 15:41:20,847 [INFO] PluginManager:220 - loadIPPluginJar : add tsc
2024-09-30 15:41:20,849 [INFO] IPUIPlugin:80 - create IPUIPlugin
2024-09-30 15:41:20,849 [INFO] PluginManager:220 - loadIPPluginJar : add extmemmanager
2024-09-30 15:41:20,851 [INFO] IPUIPlugin:80 - create IPUIPlugin
2024-09-30 15:41:20,851 [INFO] PluginManager:220 - loadIPPluginJar : add ts
2024-09-30 15:41:20,852 [INFO] IPUIPlugin:80 - create IPUIPlugin
2024-09-30 15:41:20,853 [INFO] PluginManager:220 - loadIPPluginJar : add radio
2024-09-30 15:41:20,854 [INFO] IPUIPlugin:80 - create IPUIPlugin
2024-09-30 15:41:20,854 [INFO] PluginManager:220 - loadIPPluginJar : add can
2024-09-30 15:41:20,856 [INFO] IPUIPlugin:80 - create IPUIPlugin
2024-09-30 15:41:20,856 [INFO] PluginManager:220 - loadIPPluginJar : add dma3
2024-09-30 15:41:20,857 [INFO] IPUIPlugin:80 - create IPUIPlugin
2024-09-30 15:41:20,857 [INFO] PluginManager:220 - loadIPPluginJar : add dfsdm
2024-09-30 15:41:20,858 [INFO] IPUIPlugin:80 - create IPUIPlugin
2024-09-30 15:41:20,858 [INFO] PluginManager:220 - loadIPPluginJar : add spi
2024-09-30 15:41:20,860 [INFO] IPUIPlugin:80 - create IPUIPlugin
2024-09-30 15:41:20,860 [INFO] PluginManager:220 - loadIPPluginJar : add gfxmmu
2024-09-30 15:41:20,861 [INFO] IPUIPlugin:80 - create IPUIPlugin
2024-09-30 15:41:20,861 [INFO] PluginManager:220 - loadIPPluginJar : add genericplugin
2024-09-30 15:41:20,863 [INFO] IPUIPlugin:80 - create IPUIPlugin
2024-09-30 15:41:20,864 [INFO] PluginManager:220 - loadIPPluginJar : add cryp
2024-09-30 15:41:20,867 [INFO] IPUIPlugin:80 - create IPUIPlugin
2024-09-30 15:41:20,867 [INFO] PluginManager:220 - loadIPPluginJar : add gpio
2024-09-30 15:41:20,869 [INFO] IPUIPlugin:80 - create IPUIPlugin
2024-09-30 15:41:20,870 [INFO] PluginManager:220 - loadIPPluginJar : add ddr_ctrl_phy
2024-09-30 15:41:20,870 [INFO] IPUIPlugin:80 - create IPUIPlugin
2024-09-30 15:41:20,871 [INFO] PluginManager:220 - loadIPPluginJar : add comp
2024-09-30 15:41:20,872 [INFO] IPUIPlugin:80 - create IPUIPlugin
2024-09-30 15:41:20,872 [INFO] PluginManager:220 - loadIPPluginJar : add tracer_emb
2024-09-30 15:41:20,873 [INFO] IPUIPlugin:80 - create IPUIPlugin
2024-09-30 15:41:20,873 [INFO] PluginManager:220 - loadIPPluginJar : add openamp
2024-09-30 15:41:20,876 [INFO] IPUIPlugin:80 - create IPUIPlugin
2024-09-30 15:41:20,876 [INFO] PluginManager:220 - loadIPPluginJar : add stm32_wpan
2024-09-30 15:41:20,881 [INFO] IPUIPlugin:80 - create IPUIPlugin
2024-09-30 15:41:20,890 [INFO] PluginManager:220 - loadIPPluginJar : add plateformsettings
2024-09-30 15:41:20,892 [INFO] IPUIPlugin:80 - create IPUIPlugin
2024-09-30 15:41:20,892 [INFO] PluginManager:220 - loadIPPluginJar : add ipddr
2024-09-30 15:41:20,893 [INFO] IPUIPlugin:80 - create IPUIPlugin
2024-09-30 15:41:20,893 [INFO] PluginManager:220 - loadIPPluginJar : add usart
2024-09-30 15:41:20,894 [INFO] IPUIPlugin:80 - create IPUIPlugin
2024-09-30 15:41:20,894 [INFO] PluginManager:220 - loadIPPluginJar : add ltdc
2024-09-30 15:41:20,896 [INFO] IPUIPlugin:80 - create IPUIPlugin
2024-09-30 15:41:20,896 [INFO] PluginManager:220 - loadIPPluginJar : add nvic
2024-09-30 15:41:20,897 [INFO] IPUIPlugin:80 - create IPUIPlugin
2024-09-30 15:41:20,898 [INFO] PluginManager:220 - loadIPPluginJar : add fatfs
2024-09-30 15:41:20,902 [INFO] IPUIPlugin:80 - create IPUIPlugin
2024-09-30 15:41:20,902 [INFO] PluginManager:220 - loadIPPluginJar : add linkedlist
2024-09-30 15:41:20,905 [INFO] IPUIPlugin:80 - create IPUIPlugin
2024-09-30 15:41:20,906 [INFO] PluginManager:220 - loadIPPluginJar : add dma
2024-09-30 15:41:20,907 [INFO] IPUIPlugin:80 - create IPUIPlugin
2024-09-30 15:41:20,908 [INFO] PluginManager:220 - loadIPPluginJar : add fmc
2024-09-30 15:41:20,908 [INFO] IPUIPlugin:80 - create IPUIPlugin
2024-09-30 15:41:20,909 [INFO] PluginManager:220 - loadIPPluginJar : add i2s
2024-09-30 15:41:20,909 [INFO] IPUIPlugin:80 - create IPUIPlugin
2024-09-30 15:41:20,909 [INFO] PluginManager:220 - loadIPPluginJar : add ucpd
2024-09-30 15:41:20,911 [INFO] IPUIPlugin:80 - create IPUIPlugin
2024-09-30 15:41:20,911 [INFO] PluginManager:220 - loadIPPluginJar : add lorawan
2024-09-30 15:41:20,912 [INFO] IPUIPlugin:80 - create IPUIPlugin
2024-09-30 15:41:20,913 [INFO] PluginManager:220 - loadIPPluginJar : add opamp
2024-09-30 15:41:20,914 [INFO] IPUIPlugin:80 - create IPUIPlugin
2024-09-30 15:41:20,914 [INFO] PluginManager:220 - loadIPPluginJar : add i3c
2024-09-30 15:41:20,916 [INFO] IPUIPlugin:80 - create IPUIPlugin
2024-09-30 15:41:20,916 [INFO] PluginManager:220 - loadIPPluginJar : add touchsensing
2024-09-30 15:41:20,917 [INFO] IPUIPlugin:80 - create IPUIPlugin
2024-09-30 15:41:20,917 [INFO] PluginManager:220 - loadIPPluginJar : add i2c
2024-09-30 15:41:20,919 [INFO] IPUIPlugin:80 - create IPUIPlugin
2024-09-30 15:41:20,919 [INFO] PluginManager:220 - loadIPPluginJar : add resmgrutility
2024-09-30 15:41:20,921 [INFO] IPUIPlugin:80 - create IPUIPlugin
2024-09-30 15:41:20,921 [INFO] PluginManager:220 - loadIPPluginJar : add sai
2024-09-30 15:41:20,922 [INFO] IPUIPlugin:80 - create IPUIPlugin
2024-09-30 15:41:20,922 [INFO] PluginManager:220 - loadIPPluginJar : add usbx
2024-09-30 15:41:21,048 [INFO] CADModel:165 - CPN selected for project level
2024-09-30 15:41:21,048 [INFO] CADModel:114 - Register for checkConnection events
2024-09-30 15:41:21,048 [FATAL] Updater:334 - Updater called before beeing initialized
2024-09-30 15:41:21,048 [ERROR] CADModel:125 - Updater not yet initialized, retry later 
2024-09-30 15:41:21,261 [INFO] CADModel:165 - CPN selected for project level
2024-09-30 15:41:21,261 [INFO] CADModel:114 - Register for checkConnection events
2024-09-30 15:41:21,261 [FATAL] Updater:334 - Updater called before beeing initialized
2024-09-30 15:41:21,261 [ERROR] CADModel:125 - Updater not yet initialized, retry later 
2024-09-30 15:41:21,264 [FATAL] Updater:334 - Updater called before beeing initialized
2024-09-30 15:41:21,428 [FATAL] Updater:334 - Updater called before beeing initialized
2024-09-30 15:41:21,435 [INFO] DbMcusAds:53 - JSON generation date=Fri Sep 20 15:04:23 CEST 2024 (1726837463113)
2024-09-30 15:41:21,435 [FATAL] Updater:334 - Updater called before beeing initialized
2024-09-30 15:41:21,502 [WARN] DetailPanel:346 - Failed to get advertising image, set to default
2024-09-30 15:41:21,580 [FATAL] Updater:334 - Updater called before beeing initialized
2024-09-30 15:41:21,583 [FATAL] Updater:334 - Updater called before beeing initialized
2024-09-30 15:41:21,583 [FATAL] Updater:334 - Updater called before beeing initialized
2024-09-30 15:41:21,583 [WARN] DetailPanel:346 - Failed to get advertising image, set to default
2024-09-30 15:41:21,584 [FATAL] Updater:334 - Updater called before beeing initialized
2024-09-30 15:41:21,662 [ERROR] Updater:1164 - MainUpdater not yet initialized. External WinMGr cannot be set.
2024-09-30 15:41:21,668 [INFO] Updater:1100 - Updater Version found : 6.12.1
2024-09-30 15:41:21,680 [INFO] ApplicationProperties:184 - Using Application install path: /Applications/STM32CubeIDE.app/Contents/Eclipse/plugins/com.st.stm32cube.common.mx_6.12.1.202409122256
2024-09-30 15:41:22,190 [INFO] MainUpdater:2873 - connection check result : 10
2024-09-30 15:41:22,192 [INFO] MainUpdater:290 - Updater Check For Update Now.
2024-09-30 15:41:22,195 [INFO] MicroXplorer:498 - Change Database Version : DB.6.0.121
2024-09-30 15:41:22,213 [INFO] McuFinderGlobals:63 - Set McuFinder mode to 2 (CubeIDE integrated)
2024-09-30 15:41:22,217 [INFO] UserAuth:417 - Internet connection configuration mode: 1
2024-09-30 15:41:22,231 [INFO] JxBrowserEngine:152 - Initiate JxBrowser Engine with user profile folder
2024-09-30 15:41:22,513 [INFO] CheckServerUpdateThread:120 - End of CheckServer Thread
2024-09-30 15:41:23,098 [WARN] PackLoader:240 - Cannot read IP mode file for STMicroelectronics.FP-SNS-MOTENVWB1.1.4.0
2024-09-30 15:41:23,135 [WARN] PackLoader:240 - Cannot read IP mode file for STMicroelectronics.X-CUBE-SMBUS.2.1.0
2024-09-30 15:41:23,286 [WARN] PackLoader:240 - Cannot read IP mode file for STMicroelectronics.X-CUBE-AZRTOS-F7.1.1.0
2024-09-30 15:41:23,519 [WARN] PackLoader:240 - Cannot read IP mode file for STMicroelectronics.X-CUBE-MEMS1.11.0.0
2024-09-30 15:41:23,776 [WARN] PackLoader:240 - Cannot read IP mode file for STMicroelectronics.FP-SNS-FLIGHT1.5.0.2
2024-09-30 15:41:23,807 [WARN] PackLoader:240 - Cannot read IP mode file for STMicroelectronics.X-CUBE-DISPLAY.3.0.0
2024-09-30 15:41:23,847 [WARN] PackLoader:240 - Cannot read IP mode file for STMicroelectronics.X-CUBE-BLE1.7.0.0
2024-09-30 15:41:23,861 [WARN] PackLoader:240 - Cannot read IP mode file for STMicroelectronics.X-CUBE-NFC10.1.0.0
2024-09-30 15:41:23,882 [WARN] PackLoader:240 - Cannot read IP mode file for emotas.I-CUBE-CANOPEN.1.3.0
2024-09-30 15:41:23,913 [WARN] PackLoader:240 - Cannot read IP mode file for STMicroelectronics.X-CUBE-BLEMGR.3.1.0
2024-09-30 15:41:23,922 [WARN] PackLoader:240 - Cannot read IP mode file for STMicroelectronics.FP-SNS-SMARTAG2.1.2.0
2024-09-30 15:41:23,931 [INFO] LogOutputStream:77 - [STDOUT_REDIRECT] 1 : Invalid condition id : UX_CORESTACK_Condition cause : null
2024-09-30 15:41:23,935 [INFO] LogOutputStream:77 - [STDOUT_REDIRECT] 1 : Invalid condition id : UX_CORESTACK_Condition cause : null
2024-09-30 15:41:23,935 [INFO] LogOutputStream:77 - [STDOUT_REDIRECT] 1 : Invalid condition id : UX_CORESTACK_Condition cause : null
2024-09-30 15:41:23,936 [INFO] LogOutputStream:77 - [STDOUT_REDIRECT] 1 : Invalid condition id : UX_CORESTACK_Condition cause : null
2024-09-30 15:41:23,936 [INFO] LogOutputStream:77 - [STDOUT_REDIRECT] 1 : Invalid condition id : UX_CORESTACK_Condition cause : null
2024-09-30 15:41:23,946 [WARN] PackLoader:240 - Cannot read IP mode file for STMicroelectronics.X-CUBE-AZRTOS-WL.2.0.0
2024-09-30 15:41:23,957 [WARN] PackLoader:240 - Cannot read IP mode file for STMicroelectronics.FP-SNS-MOTENV1.5.0.0
2024-09-30 15:41:23,968 [WARN] PackLoader:240 - Cannot read IP mode file for wolfSSL.I-CUBE-wolfMQTT.1.19.0
2024-09-30 15:41:23,980 [WARN] PackLoader:240 - Cannot read IP mode file for WES.I-CUBE-Cesium.1.3.0
2024-09-30 15:41:23,987 [WARN] PackLoader:240 - Cannot read IP mode file for STMicroelectronics.X-CUBE-BLE2.3.3.0
2024-09-30 15:41:23,996 [WARN] PackLoader:240 - Cannot read IP mode file for STMicroelectronics.X-CUBE-NFC9.1.0.0
2024-09-30 15:41:24,013 [WARN] PackLoader:240 - Cannot read IP mode file for STMicroelectronics.X-CUBE-TCPP.4.1.0
2024-09-30 15:41:24,056 [WARN] PackLoader:240 - Cannot read IP mode file for STMicroelectronics.X-CUBE-AZRTOS-G0.1.1.0
2024-09-30 15:41:24,171 [WARN] PackLoader:240 - Cannot read IP mode file for STMicroelectronics.X-CUBE-SAFEA1.1.2.2
2024-09-30 15:41:24,219 [WARN] PackLoader:240 - Cannot read IP mode file for STMicroelectronics.X-CUBE-NFC4.3.0.0
2024-09-30 15:41:24,249 [WARN] PackLoader:240 - Cannot read IP mode file for EmbeddedOffice.I-CUBE-FS-RTOS.1.0.1
2024-09-30 15:41:24,253 [ERROR] ConditionMgr:805 - Attr not supported : Dmpu
2024-09-30 15:41:24,255 [ERROR] ConditionMgr:805 - Attr not supported : Dmpu
2024-09-30 15:41:24,256 [ERROR] ConditionMgr:805 - Attr not supported : Dmpu
2024-09-30 15:41:24,256 [ERROR] ConditionMgr:805 - Attr not supported : Dmpu
2024-09-30 15:41:24,256 [ERROR] ConditionMgr:805 - Attr not supported : Dmpu
2024-09-30 15:41:24,256 [ERROR] ConditionMgr:805 - Attr not supported : Dmpu
2024-09-30 15:41:24,256 [ERROR] ConditionMgr:805 - Attr not supported : Dmpu
2024-09-30 15:41:24,256 [ERROR] ConditionMgr:805 - Attr not supported : Dmpu
2024-09-30 15:41:24,256 [ERROR] ConditionMgr:805 - Attr not supported : Dmpu
2024-09-30 15:41:24,256 [ERROR] ConditionMgr:805 - Attr not supported : Dmpu
2024-09-30 15:41:24,256 [ERROR] ConditionMgr:805 - Attr not supported : Dmpu
2024-09-30 15:41:24,256 [ERROR] ConditionMgr:805 - Attr not supported : Dmpu
2024-09-30 15:41:24,256 [ERROR] ConditionMgr:805 - Attr not supported : Dmpu
2024-09-30 15:41:24,256 [ERROR] ConditionMgr:805 - Attr not supported : Dmpu
2024-09-30 15:41:24,256 [ERROR] ConditionMgr:805 - Attr not supported : Dmpu
2024-09-30 15:41:24,256 [ERROR] ConditionMgr:805 - Attr not supported : Dmpu
2024-09-30 15:41:24,256 [ERROR] ConditionMgr:805 - Attr not supported : Dmpu
2024-09-30 15:41:24,256 [ERROR] ConditionMgr:805 - Attr not supported : Dmpu
2024-09-30 15:41:24,256 [ERROR] ConditionMgr:805 - Attr not supported : Dmpu
2024-09-30 15:41:24,256 [ERROR] ConditionMgr:805 - Attr not supported : Dmpu
2024-09-30 15:41:24,257 [ERROR] ConditionMgr:805 - Attr not supported : Dmpu
2024-09-30 15:41:24,257 [ERROR] ConditionMgr:805 - Attr not supported : Dmpu
2024-09-30 15:41:24,257 [ERROR] ConditionMgr:805 - Attr not supported : Dmpu
2024-09-30 15:41:24,257 [ERROR] ConditionMgr:805 - Attr not supported : Dmpu
2024-09-30 15:41:24,258 [ERROR] ConditionMgr:805 - Attr not supported : Dmpu
2024-09-30 15:41:24,258 [ERROR] ConditionMgr:805 - Attr not supported : Dmpu
2024-09-30 15:41:24,258 [ERROR] ConditionMgr:805 - Attr not supported : Dmpu
2024-09-30 15:41:24,258 [ERROR] ConditionMgr:805 - Attr not supported : Dmpu
2024-09-30 15:41:24,258 [ERROR] ConditionMgr:805 - Attr not supported : Dmpu
2024-09-30 15:41:24,258 [ERROR] ConditionMgr:805 - Attr not supported : Dmpu
2024-09-30 15:41:24,258 [ERROR] ConditionMgr:805 - Attr not supported : Dmpu
2024-09-30 15:41:24,258 [ERROR] ConditionMgr:805 - Attr not supported : Dmpu
2024-09-30 15:41:24,258 [ERROR] ConditionMgr:805 - Attr not supported : Dmpu
2024-09-30 15:41:24,258 [ERROR] ConditionMgr:805 - Attr not supported : Dmpu
2024-09-30 15:41:24,258 [ERROR] ConditionMgr:805 - Attr not supported : Dmpu
2024-09-30 15:41:24,258 [ERROR] ConditionMgr:805 - Attr not supported : Dmpu
2024-09-30 15:41:24,258 [ERROR] ConditionMgr:805 - Attr not supported : Dmpu
2024-09-30 15:41:24,258 [ERROR] ConditionMgr:805 - Attr not supported : Dmpu
2024-09-30 15:41:24,259 [ERROR] ConditionMgr:805 - Attr not supported : Dmpu
2024-09-30 15:41:24,259 [ERROR] ConditionMgr:805 - Attr not supported : Dmpu
2024-09-30 15:41:24,259 [ERROR] ConditionMgr:805 - Attr not supported : Dmpu
2024-09-30 15:41:24,259 [ERROR] ConditionMgr:805 - Attr not supported : Dmpu
2024-09-30 15:41:24,259 [ERROR] ConditionMgr:805 - Attr not supported : Dmpu
2024-09-30 15:41:24,259 [ERROR] ConditionMgr:805 - Attr not supported : Dmpu
2024-09-30 15:41:24,259 [ERROR] ConditionMgr:805 - Attr not supported : Dmpu
2024-09-30 15:41:24,259 [ERROR] ConditionMgr:805 - Attr not supported : Dmpu
2024-09-30 15:41:24,259 [ERROR] ConditionMgr:805 - Attr not supported : Dmpu
2024-09-30 15:41:24,259 [ERROR] ConditionMgr:805 - Attr not supported : Dmpu
2024-09-30 15:41:24,260 [ERROR] ConditionMgr:805 - Attr not supported : Dmpu
2024-09-30 15:41:24,260 [ERROR] ConditionMgr:805 - Attr not supported : Dmpu
2024-09-30 15:41:24,260 [ERROR] ConditionMgr:805 - Attr not supported : Dmpu
2024-09-30 15:41:24,260 [ERROR] ConditionMgr:805 - Attr not supported : Dmpu
2024-09-30 15:41:24,260 [ERROR] ConditionMgr:805 - Attr not supported : Dmpu
2024-09-30 15:41:24,260 [ERROR] ConditionMgr:805 - Attr not supported : Dmpu
2024-09-30 15:41:24,260 [ERROR] ConditionMgr:805 - Attr not supported : Dmpu
2024-09-30 15:41:24,260 [ERROR] ConditionMgr:805 - Attr not supported : Dmpu
2024-09-30 15:41:24,260 [ERROR] ConditionMgr:805 - Attr not supported : Dmpu
2024-09-30 15:41:24,260 [ERROR] ConditionMgr:805 - Attr not supported : Dmpu
2024-09-30 15:41:24,260 [ERROR] ConditionMgr:805 - Attr not supported : Dmpu
2024-09-30 15:41:24,260 [ERROR] ConditionMgr:805 - Attr not supported : Dmpu
2024-09-30 15:41:24,260 [ERROR] ConditionMgr:805 - Attr not supported : Dmpu
2024-09-30 15:41:24,260 [ERROR] ConditionMgr:805 - Attr not supported : Dmpu
2024-09-30 15:41:24,260 [ERROR] ConditionMgr:805 - Attr not supported : Dmpu
2024-09-30 15:41:24,260 [ERROR] ConditionMgr:805 - Attr not supported : Dmpu
2024-09-30 15:41:24,267 [WARN] PackLoader:240 - Cannot read IP mode file for RealThread.X-CUBE-RT-Thread_Nano.4.1.1
2024-09-30 15:41:24,274 [WARN] PackLoader:240 - Cannot read IP mode file for STMicroelectronics.FP-ATR-SIGFOX1.3.2.0
2024-09-30 15:41:24,279 [WARN] PackLoader:240 - Cannot read IP mode file for wolfSSL.I-CUBE-wolfSSL.5.7.2
2024-09-30 15:41:24,285 [WARN] PackLoader:240 - Cannot read IP mode file for STMicroelectronics.X-CUBE-EEPRMA1.5.1.0
2024-09-30 15:41:24,293 [WARN] PackLoader:240 - Cannot read IP mode file for ITTIA_DB.I-CUBE-ITTIADB.8.9.0
2024-09-30 15:41:24,354 [WARN] PackLoader:240 - Cannot read IP mode file for SEGGER.I-CUBE-embOS.1.3.1
2024-09-30 15:41:24,425 [WARN] PackLoader:240 - Cannot read IP mode file for STMicroelectronics.X-CUBE-ALGOBUILD.1.4.0
2024-09-30 15:41:24,458 [WARN] PackLoader:240 - Cannot read IP mode file for STMicroelectronics.X-CUBE-AZRTOS-F4.1.1.0
2024-09-30 15:41:24,470 [WARN] PackLoader:240 - Cannot read IP mode file for STMicroelectronics.X-CUBE-ISPU.2.1.0
2024-09-30 15:41:24,480 [WARN] PackLoader:240 - Cannot read IP mode file for STMicroelectronics.X-CUBE-FREERTOS.1.2.0
2024-09-30 15:41:24,510 [WARN] PackLoader:240 - Cannot read IP mode file for STMicroelectronics.X-CUBE-AZRTOS-L5.2.0.0
2024-09-30 15:41:24,527 [WARN] PackLoader:240 - Cannot read IP mode file for STMicroelectronics.X-CUBE-NFC6.3.1.0
2024-09-30 15:41:24,539 [WARN] PackLoader:240 - Cannot read IP mode file for STMicroelectronics.X-CUBE-DPower.1.2.0
2024-09-30 15:41:24,544 [WARN] PackLoader:240 - Cannot read IP mode file for STMicroelectronics.X-CUBE-AI.9.0.0
2024-09-30 15:41:24,549 [WARN] PackLoader:240 - Cannot read IP mode file for STMicroelectronics.X-CUBE-NFC7.1.0.1
2024-09-30 15:41:24,570 [WARN] ConditionMgr:438 - getConditionDescription Invalid condition id : LAN8742 Phy interface Condition cause : null
2024-09-30 15:41:24,572 [WARN] PackLoader:240 - Cannot read IP mode file for STMicroelectronics.X-CUBE-AZRTOS-L4.2.0.0
2024-09-30 15:41:24,575 [WARN] ConditionMgr:1039 - genDependencies : Invalid condition id : LAN8742 Phy interface Condition cause : null
2024-09-30 15:41:24,576 [WARN] ConditionMgr:1039 - genDependencies : Invalid condition id : LAN8742 Phy interface Condition cause : null
2024-09-30 15:41:24,577 [WARN] ConditionMgr:1039 - genDependencies : Invalid condition id : LAN8742 Phy interface Condition cause : null
2024-09-30 15:41:24,596 [WARN] PackLoader:240 - Cannot read IP mode file for STMicroelectronics.X-CUBE-SFXS2LP1.4.0.0
2024-09-30 15:41:24,623 [WARN] PackLoader:240 - Cannot read IP mode file for STMicroelectronics.X-CUBE-AZRTOS-H7.3.3.0
2024-09-30 15:41:24,643 [WARN] ConditionMgr:438 - getConditionDescription Invalid condition id : UX DEVICE CLASS RTOS Condition cause : null
2024-09-30 15:41:24,643 [WARN] ConditionMgr:438 - getConditionDescription Invalid condition id : UX DEVICE CLASS RTOS Condition cause : null
2024-09-30 15:41:24,647 [WARN] PackLoader:240 - Cannot read IP mode file for STMicroelectronics.X-CUBE-AZRTOS-WB.2.0.0
2024-09-30 15:41:24,648 [WARN] ConditionMgr:1039 - genDependencies : Invalid condition id : UX DEVICE CLASS RTOS Condition cause : null
2024-09-30 15:41:24,648 [WARN] ConditionMgr:1039 - genDependencies : Invalid condition id : UX DEVICE CLASS RTOS Condition cause : null
2024-09-30 15:41:24,649 [WARN] ConditionMgr:1039 - genDependencies : Invalid condition id : UX DEVICE CLASS RTOS Condition cause : null
2024-09-30 15:41:24,649 [WARN] ConditionMgr:1039 - genDependencies : Invalid condition id : UX DEVICE CLASS RTOS Condition cause : null
2024-09-30 15:41:24,649 [WARN] ConditionMgr:1039 - genDependencies : Invalid condition id : UX DEVICE CLASS RTOS Condition cause : null
2024-09-30 15:41:24,665 [WARN] PackLoader:240 - Cannot read IP mode file for STMicroelectronics.X-CUBE-GNSS1.7.0.0
2024-09-30 15:41:24,694 [WARN] PackLoader:240 - Cannot read IP mode file for STMicroelectronics.FP-SNS-STBOX1.2.0.0
2024-09-30 15:41:24,718 [WARN] PackLoader:240 - Cannot read IP mode file for STMicroelectronics.X-CUBE-SUBG2.5.0.0
2024-09-30 15:41:24,732 [WARN] PackLoader:240 - Cannot read IP mode file for Cesanta.I-CUBE-Mongoose.7.13.0
2024-09-30 15:41:24,752 [WARN] PackLoader:240 - Cannot read IP mode file for STMicroelectronics.X-CUBE-AZRTOS-G4.2.0.0
2024-09-30 15:41:24,760 [WARN] PackLoader:240 - Cannot read IP mode file for STMicroelectronics.X-CUBE-ISPU.2.0.0
2024-09-30 15:41:24,765 [WARN] PackLoader:240 - Cannot read IP mode file for STMicroelectronics.X-CUBE-ALS.1.0.2
2024-09-30 15:41:24,769 [WARN] PackLoader:240 - Cannot read IP mode file for STMicroelectronics.X-CUBE-TOUCHGFX.4.24.0
2024-09-30 15:41:24,772 [WARN] PackLoader:240 - Cannot read IP mode file for STMicroelectronics.X-CUBE-TOUCHGFX.4.24.1
2024-09-30 15:41:24,777 [WARN] PackLoader:240 - Cannot read IP mode file for wolfSSL.I-CUBE-wolfTPM.3.4.0
2024-09-30 15:41:24,784 [WARN] PackLoader:240 - Cannot read IP mode file for portGmbH.I-Cube-SoM-uGOAL.1.1.0
2024-09-30 15:41:24,804 [WARN] PackLoader:240 - Cannot read IP mode file for STMicroelectronics.X-CUBE-AZRTOS-H7RS.1.0.0
2024-09-30 15:41:24,814 [WARN] PackLoader:240 - Cannot read IP mode file for STMicroelectronics.FP-ATR-ASTRA1.2.0.0
2024-09-30 15:41:24,831 [WARN] PackLoader:240 - Cannot read IP mode file for STMicroelectronics.X-CUBE-TOF1.3.4.2
2024-09-30 15:41:24,909 [WARN] PackLoader:240 - Cannot read IP mode file for Infineon.AIROC-Wi-Fi-Bluetooth-STM32.1.6.1
2024-09-30 15:41:24,959 [WARN] PackLoader:240 - Cannot read IP mode file for wolfSSL.I-CUBE-wolfSSH.1.4.17
2024-09-30 15:41:24,967 [INFO] ThirdParty:978 - Integrity check success = true
2024-09-30 15:41:24,968 [INFO] IntegrityCheckThread:100 - exiting critical section [integrity check]
2024-09-30 15:41:24,968 [INFO] IntegrityCheckThread:103 - End integrity checks thread
2024-09-30 15:41:26,392 [INFO] WebApp:167 - Instantiating new browser for Auth
2024-09-30 15:41:27,766 [INFO] WebApp:448 - Apply proxy settings
2024-09-30 15:41:27,795 [INFO] WebApp:493 - Chromium authenticates against Manually configured proxy
2024-09-30 15:41:27,824 [INFO] WebApp:501 - Username used for proxy authentication: 
2024-09-30 15:41:27,886 [INFO] WebApp:869 - Register for checkConnection events
2024-09-30 15:41:27,886 [INFO] WebApp:448 - Apply proxy settings
2024-09-30 15:41:27,889 [INFO] WebApp:493 - Chromium authenticates against Manually configured proxy
2024-09-30 15:41:27,890 [INFO] WebApp:501 - Username used for proxy authentication: 
2024-09-30 15:41:28,057 [INFO] WebApp:220 - Starting web application
2024-09-30 15:41:28,057 [INFO] WebApp:578 - Web application path used /Applications/STM32CubeIDE.app/Contents/Eclipse/plugins/com.st.stm32cube.common.mx_6.12.1.202409122256/db/plugins/mcufinder/reactClient1/index.html
2024-09-30 15:41:28,672 [INFO] WebApp:186 - Connection restablished
2024-09-30 15:41:28,698 [INFO] UserAuth:417 - Internet connection configuration mode: 1
